# JRE version: Java(TM) SE Runtime Environment (8.0_66-b18) (build 1.8.0_66-b18)
# Java VM: Java HotSpot(TM) 64-Bit Server VM (25.66-b18 mixed mode windows-amd64 compressed oops)
Heap:
 PSYoungGen      total 54272K, used 35195K [0x00000007bc400000, 0x00000007c0000000, 0x00000007c0000000)
  eden space 48128K, 71% used [0x00000007bc400000,0x00000007be596cc8,0x00000007bf300000)
  from space 6144K, 13% used [0x00000007bfa00000,0x00000007bfac8000,0x00000007c0000000)
  to   space 6656K, 0% used [0x00000007bf300000,0x00000007bf300000,0x00000007bf980000)
 ParOldGen       total 162816K, used 74329K [0x0000000700000000, 0x0000000709f00000, 0x00000007bc400000)
  object space 162816K, 45% used [0x0000000700000000,0x0000000704896628,0x0000000709f00000)
 Metaspace       used 62277K, capacity 62748K, committed 63272K, reserved 1103872K
  class space    used 8666K, capacity 8770K, committed 8824K, reserved 1048576K
GC Heap History (10 events):
Event: 4524.507 GC heap before
{Heap before GC invocations=264 (full 25):
 PSYoungGen      total 54784K, used 51567K [0x00000007bc400000, 0x00000007c0000000, 0x00000007c0000000)
  eden space 47616K, 100% used [0x00000007bc400000,0x00000007bf280000,0x00000007bf280000)
  from space 7168K, 55% used [0x00000007bf900000,0x00000007bfcdbfb0,0x00000007c0000000)
  to   space 6656K, 0% used [0x00000007bf280000,0x00000007bf280000,0x00000007bf900000)
 ParOldGen       total 162816K, used 75143K [0x0000000700000000, 0x0000000709f00000, 0x00000007bc400000)
  object space 162816K, 46% used [0x0000000700000000,0x0000000704961f80,0x0000000709f00000)
 Metaspace       used 62254K, capacity 62748K, committed 63272K, reserved 1103872K
  class space    used 8666K, capacity 8770K, committed 8824K, reserved 1048576K
Event: 4524.510 GC heap after
Heap after GC invocations=264 (full 25):
 PSYoungGen      total 54272K, used 3886K [0x00000007bc400000, 0x00000007c0000000, 0x00000007c0000000)
  eden space 47616K, 0% used [0x00000007bc400000,0x00000007bc400000,0x00000007bf280000)
  from space 6656K, 58% used [0x00000007bf280000,0x00000007bf64b9e8,0x00000007bf900000)
  to   space 6656K, 0% used [0x00000007bf980000,0x00000007bf980000,0x00000007c0000000)
 ParOldGen       total 162816K, used 75623K [0x0000000700000000, 0x0000000709f00000, 0x00000007bc400000)
  object space 162816K, 46% used [0x0000000700000000,0x00000007049d9f80,0x0000000709f00000)
 Metaspace       used 62254K, capacity 62748K, committed 63272K, reserved 1103872K
  class space    used 8666K, capacity 8770K, committed 8824K, reserved 1048576K
}
Event: 4526.431 GC heap before
{Heap before GC invocations=265 (full 25):
 PSYoungGen      total 54272K, used 51502K [0x00000007bc400000, 0x00000007c0000000, 0x00000007c0000000)
  eden space 47616K, 100% used [0x00000007bc400000,0x00000007bf280000,0x00000007bf280000)
  from space 6656K, 58% used [0x00000007bf280000,0x00000007bf64b9e8,0x00000007bf900000)
  to   space 6656K, 0% used [0x00000007bf980000,0x00000007bf980000,0x00000007c0000000)
 ParOldGen       total 162816K, used 75623K [0x0000000700000000, 0x0000000709f00000, 0x00000007bc400000)
  object space 162816K, 46% used [0x0000000700000000,0x00000007049d9f80,0x0000000709f00000)
 Metaspace       used 62262K, capacity 62748K, committed 63272K, reserved 1103872K
  class space    used 8666K, capacity 8770K, committed 8824K, reserved 1048576K
Event: 4526.434 GC heap after
Heap after GC invocations=265 (full 25):
 PSYoungGen      total 55296K, used 3550K [0x00000007bc400000, 0x00000007c0000000, 0x00000007c0000000)
  eden space 48640K, 0% used [0x00000007bc400000,0x00000007bc400000,0x00000007bf380000)
  from space 6656K, 53% used [0x00000007bf980000,0x00000007bfcf7b30,0x00000007c0000000)
  to   space 6144K, 0% used [0x00000007bf380000,0x00000007bf380000,0x00000007bf980000)
 ParOldGen       total 162816K, used 76039K [0x0000000700000000, 0x0000000709f00000, 0x00000007bc400000)
  object space 162816K, 46% used [0x0000000700000000,0x0000000704a41f80,0x0000000709f00000)
 Metaspace       used 62262K, capacity 62748K, committed 63272K, reserved 1103872K
  class space    used 8666K, capacity 8770K, committed 8824K, reserved 1048576K
}
Event: 4527.220 GC heap before
{Heap before GC invocations=266 (full 25):
 PSYoungGen      total 55296K, used 5582K [0x00000007bc400000, 0x00000007c0000000, 0x00000007c0000000)
  eden space 48640K, 4% used [0x00000007bc400000,0x00000007bc5fc060,0x00000007bf380000)
  from space 6656K, 53% used [0x00000007bf980000,0x00000007bfcf7b30,0x00000007c0000000)
  to   space 6144K, 0% used [0x00000007bf380000,0x00000007bf380000,0x00000007bf980000)
 ParOldGen       total 162816K, used 76039K [0x0000000700000000, 0x0000000709f00000, 0x00000007bc400000)
  object space 162816K, 46% used [0x0000000700000000,0x0000000704a41f80,0x0000000709f00000)
 Metaspace       used 62262K, capacity 62748K, committed 63272K, reserved 1103872K
  class space    used 8666K, capacity 8770K, committed 8824K, reserved 1048576K
Event: 4527.223 GC heap after
Heap after GC invocations=266 (full 25):
 PSYoungGen      total 54784K, used 2761K [0x00000007bc400000, 0x00000007c0000000, 0x00000007c0000000)
  eden space 48640K, 0% used [0x00000007bc400000,0x00000007bc400000,0x00000007bf380000)
  from space 6144K, 44% used [0x00000007bf380000,0x00000007bf632480,0x00000007bf980000)
  to   space 6144K, 0% used [0x00000007bfa00000,0x00000007bfa00000,0x00000007c0000000)
 ParOldGen       total 162816K, used 76143K [0x0000000700000000, 0x0000000709f00000, 0x00000007bc400000)
  object space 162816K, 46% used [0x0000000700000000,0x0000000704a5bf80,0x0000000709f00000)
 Metaspace       used 62262K, capacity 62748K, committed 63272K, reserved 1103872K
  class space    used 8666K, capacity 8770K, committed 8824K, reserved 1048576K
}
Event: 4527.223 GC heap before
{Heap before GC invocations=267 (full 26):
 PSYoungGen      total 54784K, used 2761K [0x00000007bc400000, 0x00000007c0000000, 0x00000007c0000000)
  eden space 48640K, 0% used [0x00000007bc400000,0x00000007bc400000,0x00000007bf380000)
  from space 6144K, 44% used [0x00000007bf380000,0x00000007bf632480,0x00000007bf980000)
  to   space 6144K, 0% used [0x00000007bfa00000,0x00000007bfa00000,0x00000007c0000000)
 ParOldGen       total 162816K, used 76143K [0x0000000700000000, 0x0000000709f00000, 0x00000007bc400000)
  object space 162816K, 46% used [0x0000000700000000,0x0000000704a5bf80,0x0000000709f00000)
 Metaspace       used 62262K, capacity 62748K, committed 63272K, reserved 1103872K
  class space    used 8666K, capacity 8770K, committed 8824K, reserved 1048576K
Event: 4527.385 GC heap after
Heap after GC invocations=267 (full 26):
 PSYoungGen      total 54784K, used 0K [0x00000007bc400000, 0x00000007c0000000, 0x00000007c0000000)
  eden space 48640K, 0% used [0x00000007bc400000,0x00000007bc400000,0x00000007bf380000)
  from space 6144K, 0% used [0x00000007bf380000,0x00000007bf380000,0x00000007bf980000)
  to   space 6144K, 0% used [0x00000007bfa00000,0x00000007bfa00000,0x00000007c0000000)
 ParOldGen       total 162816K, used 74329K [0x0000000700000000, 0x0000000709f00000, 0x00000007bc400000)
  object space 162816K, 45% used [0x0000000700000000,0x0000000704896628,0x0000000709f00000)
 Metaspace       used 62262K, capacity 62748K, committed 63272K, reserved 1103872K
  class space    used 8666K, capacity 8770K, committed 8824K, reserved 1048576K
}
Event: 4538.344 GC heap before
{Heap before GC invocations=268 (full 26):
 PSYoungGen      total 54784K, used 48640K [0x00000007bc400000, 0x00000007c0000000, 0x00000007c0000000)
  eden space 48640K, 100% used [0x00000007bc400000,0x00000007bf380000,0x00000007bf380000)
  from space 6144K, 0% used [0x00000007bf380000,0x00000007bf380000,0x00000007bf980000)
  to   space 6144K, 0% used [0x00000007bfa00000,0x00000007bfa00000,0x00000007c0000000)
 ParOldGen       total 162816K, used 74329K [0x0000000700000000, 0x0000000709f00000, 0x00000007bc400000)
  object space 162816K, 45% used [0x0000000700000000,0x0000000704896628,0x0000000709f00000)
 Metaspace       used 62270K, capacity 62748K, committed 63272K, reserved 1103872K
  class space    used 8666K, capacity 8770K, committed 8824K, reserved 1048576K
Event: 4538.347 GC heap after
Heap after GC invocations=268 (full 26):
 PSYoungGen      total 54272K, used 800K [0x00000007bc400000, 0x00000007c0000000, 0x00000007c0000000)
  eden space 48128K, 0% used [0x00000007bc400000,0x00000007bc400000,0x00000007bf300000)
  from space 6144K, 13% used [0x00000007bfa00000,0x00000007bfac8000,0x00000007c0000000)
  to   space 6656K, 0% used [0x00000007bf300000,0x00000007bf300000,0x00000007bf980000)
 ParOldGen       total 162816K, used 74329K [0x0000000700000000, 0x0000000709f00000, 0x00000007bc400000)
  object space 162816K, 45% used [0x0000000700000000,0x0000000704896628,0x0000000709f00000)
 Metaspace       used 62270K, capacity 62748K, committed 63272K, reserved 1103872K
  class space    used 8666K, capacity 8770K, committed 8824K, reserved 1048576K
}

